Build started 5/1/2012 2:16:56 AM.
     1>Project "C:\Users\Michael Bekesz\Desktop\MyProgs\Fall 08\CS162 AI\100608KnightsTour\100608\100608.vcxproj" on node 2 (build target(s)).
     1>InitializeBuildStatus:
         Touching "Debug\100608.unsuccessfulbuild".
       ClCompile:
         All outputs are up-to-date.
       ManifestResourceCompile:
         All outputs are up-to-date.
       Link:
         All outputs are up-to-date.
         C:\Program Files (x86)\Microsoft Visual Studio 10.0\VC\bin\link.exe /ERRORREPORT:PROMPT /OUT:"C:\Users\Michael Bekesz\Desktop\MyProgs\Fall 08\CS162 AI\100608KnightsTour\Debug\100608.exe" /INCREMENTAL /NOLOGO kernel32.lib user32.lib gdi32.lib winspool.lib comdlg32.lib advapi32.lib shell32.lib ole32.lib oleaut32.lib uuid.lib odbc32.lib odbccp32.lib /MANIFEST /ManifestFile:"Debug\100608.exe.intermediate.manifest" /MANIFESTUAC:"level='asInvoker' uiAccess='false'" /DEBUG /PDB:"C:\Users\Michael Bekesz\Desktop\MyProgs\Fall 08\CS162 AI\100608KnightsTour\Debug\100608.pdb" /SUBSYSTEM:CONSOLE /TLBID:1 /DYNAMICBASE /NXCOMPAT /IMPLIB:"C:\Users\Michael Bekesz\Desktop\MyProgs\Fall 08\CS162 AI\100608KnightsTour\Debug\100608.lib" /MACHINE:X86 Debug\100608.exe.embed.manifest.res
         Debug\KnightsTour.obj
         Debug\ListOps.obj
         Debug\Main.obj
       Manifest:
         C:\Program Files (x86)\Microsoft SDKs\Windows\v7.0A\bin\mt.exe /nologo /verbose /out:"Debug\100608.exe.embed.manifest" /manifest Debug\100608.exe.intermediate.manifest
         
     1>mt.exe : general error c101008a: Failed to save the updated manifest to the file "Debug\100608.exe.embed.manifest". The parameter is incorrect.
         
     1>Done Building Project "C:\Users\Michael Bekesz\Desktop\MyProgs\Fall 08\CS162 AI\100608KnightsTour\100608\100608.vcxproj" (build target(s)) -- FAILED.

Build FAILED.

Time Elapsed 00:00:00.37
